{"level":"info","message":"Hello from Acquisitions!","service":"acquisitions-api","timestamp":"2026-06-22T10:43:34.182Z"}
{"level":"info","message":"::1 - - [22/Jun/2026:10:43:34 +0000] \"GET / HTTP/1.1\" 304 - \"-\" \"Mozilla/5.0 (X11; Linux x86_64) AppleWebKit/537.36 (KHTML, like Gecko) Chrome/149.0.0.0 Safari/537.36\"\n","service":"acquisitions-api","timestamp":"2026-06-22T10:43:34.200Z"}
{"level":"info","message":"::1 - - [22/Jun/2026:10:52:58 +0000] \"GET /health HTTP/1.1\" 200 76 \"-\" \"Mozilla/5.0 (X11; Linux x86_64) AppleWebKit/537.36 (KHTML, like Gecko) Chrome/149.0.0.0 Safari/537.36\"\n","service":"acquisitions-api","timestamp":"2026-06-22T10:52:58.699Z"}
{"level":"info","message":"Hello from Acquisitions!","service":"acquisitions-api","timestamp":"2026-06-22T11:03:02.243Z"}
{"level":"info","message":"::1 - - [22/Jun/2026:11:03:02 +0000] \"GET / HTTP/1.1\" 304 - \"-\" \"Mozilla/5.0 (X11; Linux x86_64) AppleWebKit/537.36 (KHTML, like Gecko) Chrome/149.0.0.0 Safari/537.36\"\n","service":"acquisitions-api","timestamp":"2026-06-22T11:03:02.247Z"}
{"level":"info","message":"Hello from Acquisitions!","service":"acquisitions-api","timestamp":"2026-06-22T13:20:11.929Z"}
{"level":"info","message":"::1 - - [22/Jun/2026:13:20:11 +0000] \"GET / HTTP/1.1\" 200 24 \"-\" \"PostmanRuntime/7.49.1\"\n","service":"acquisitions-api","timestamp":"2026-06-22T13:20:11.959Z"}
{"level":"info","message":"Hello from Acquisitions!","service":"acquisitions-api","timestamp":"2026-06-22T13:20:43.677Z"}
{"level":"info","message":"::1 - - [22/Jun/2026:13:20:43 +0000] \"GET / HTTP/1.1\" 200 24 \"-\" \"PostmanRuntime/7.49.1\"\n","service":"acquisitions-api","timestamp":"2026-06-22T13:20:43.685Z"}
{"level":"info","message":"Hello from Acquisitions!","service":"acquisitions-api","timestamp":"2026-06-22T13:20:52.951Z"}
{"level":"info","message":"::1 - - [22/Jun/2026:13:20:52 +0000] \"GET / HTTP/1.1\" 200 24 \"-\" \"PostmanRuntime/7.49.1\"\n","service":"acquisitions-api","timestamp":"2026-06-22T13:20:52.955Z"}
{"level":"info","message":"::1 - - [22/Jun/2026:13:21:13 +0000] \"GET /api HTTP/1.1\" 200 41 \"-\" \"PostmanRuntime/7.49.1\"\n","service":"acquisitions-api","timestamp":"2026-06-22T13:21:13.564Z"}
{"level":"info","message":"::1 - - [22/Jun/2026:13:21:33 +0000] \"GET /health HTTP/1.1\" 200 76 \"-\" \"PostmanRuntime/7.49.1\"\n","service":"acquisitions-api","timestamp":"2026-06-22T13:21:33.672Z"}
{"level":"info","message":"::1 - - [22/Jun/2026:13:22:09 +0000] \"POST /api/auth/ign-in HTTP/1.1\" 404 155 \"-\" \"PostmanRuntime/7.49.1\"\n","service":"acquisitions-api","timestamp":"2026-06-22T13:22:09.870Z"}
{"level":"info","message":"::1 - - [22/Jun/2026:13:22:24 +0000] \"POST /api/auth/sign-in HTTP/1.1\" 200 31 \"-\" \"PostmanRuntime/7.49.1\"\n","service":"acquisitions-api","timestamp":"2026-06-22T13:22:24.466Z"}
{"level":"info","message":"::1 - - [22/Jun/2026:13:55:31 +0000] \"POST /api/auth/sign-up HTTP/1.1\" 400 92 \"-\" \"PostmanRuntime/7.49.1\"\n","service":"acquisitions-api","timestamp":"2026-06-22T13:55:31.508Z"}
{"level":"info","message":"::1 - - [22/Jun/2026:13:59:40 +0000] \"POST /api/auth/sign-up HTTP/1.1\" 400 92 \"-\" \"PostmanRuntime/7.49.1\"\n","service":"acquisitions-api","timestamp":"2026-06-22T13:59:40.532Z"}
{"level":"info","message":"::1 - - [22/Jun/2026:14:00:35 +0000] \"POST /api/auth/sign-up HTTP/1.1\" 400 92 \"-\" \"PostmanRuntime/7.49.1\"\n","service":"acquisitions-api","timestamp":"2026-06-22T14:00:35.601Z"}
{"level":"info","message":"::1 - - [22/Jun/2026:14:02:30 +0000] \"POST /api/auth/sign-up HTTP/1.1\" 400 92 \"-\" \"PostmanRuntime/7.49.1\"\n","service":"acquisitions-api","timestamp":"2026-06-22T14:02:30.885Z"}
{"level":"info","message":"::1 - - [22/Jun/2026:14:02:47 +0000] \"POST /api/auth/sign-up HTTP/1.1\" 400 92 \"-\" \"PostmanRuntime/7.49.1\"\n","service":"acquisitions-api","timestamp":"2026-06-22T14:02:47.007Z"}
{"level":"info","message":"::1 - - [22/Jun/2026:14:03:09 +0000] \"POST /api/auth/sign-up HTTP/1.1\" 400 92 \"-\" \"PostmanRuntime/7.49.1\"\n","service":"acquisitions-api","timestamp":"2026-06-22T14:03:09.706Z"}
{"level":"info","message":"::1 - - [22/Jun/2026:14:04:14 +0000] \"POST /api/auth/sign-up HTTP/1.1\" 400 92 \"-\" \"PostmanRuntime/7.49.1\"\n","service":"acquisitions-api","timestamp":"2026-06-22T14:04:14.269Z"}
{"level":"info","message":"::1 - - [22/Jun/2026:14:06:08 +0000] \"POST /api/auth/sign-up HTTP/1.1\" 400 92 \"-\" \"PostmanRuntime/7.49.1\"\n","service":"acquisitions-api","timestamp":"2026-06-22T14:06:08.561Z"}
{"level":"info","message":"::1 - - [22/Jun/2026:14:06:27 +0000] \"POST /api/auth/sign-up HTTP/1.1\" 400 92 \"-\" \"PostmanRuntime/7.49.1\"\n","service":"acquisitions-api","timestamp":"2026-06-22T14:06:27.210Z"}
{"level":"info","message":"::1 - - [22/Jun/2026:14:08:15 +0000] \"POST /api/auth/sign-up HTTP/1.1\" 400 92 \"-\" \"PostmanRuntime/7.49.1\"\n","service":"acquisitions-api","timestamp":"2026-06-22T14:08:15.280Z"}
{"level":"info","message":"::1 - - [22/Jun/2026:14:08:36 +0000] \"POST /api/auth/sign-up HTTP/1.1\" 400 92 \"-\" \"PostmanRuntime/7.49.1\"\n","service":"acquisitions-api","timestamp":"2026-06-22T14:08:36.845Z"}
{"level":"info","message":"::1 - - [22/Jun/2026:14:09:49 +0000] \"POST /api/auth/sign-up HTTP/1.1\" 400 89 \"-\" \"PostmanRuntime/7.49.1\"\n","service":"acquisitions-api","timestamp":"2026-06-22T14:09:49.991Z"}
{"level":"info","message":"User registered successfully: example@gmail.com","service":"acquisitions-api","timestamp":"2026-06-22T14:09:59.459Z"}
{"level":"info","message":"::1 - - [22/Jun/2026:14:09:59 +0000] \"POST /api/auth/sign-up HTTP/1.1\" 201 105 \"-\" \"PostmanRuntime/7.49.1\"\n","service":"acquisitions-api","timestamp":"2026-06-22T14:09:59.462Z"}
{"level":"error","message":"Signup error password is not defined","service":"acquisitions-api","stack":"ReferenceError: password is not defined\n    at signup (file:///home/ikalsama/Documents/projects/acquisitions/src/controllers/auth.controller.js:21:52)\n    at Layer.handleRequest (/home/ikalsama/Documents/projects/acquisitions/node_modules/router/lib/layer.js:152:17)\n    at next (/home/ikalsama/Documents/projects/acquisitions/node_modules/router/lib/route.js:157:13)\n    at Route.dispatch (/home/ikalsama/Documents/projects/acquisitions/node_modules/router/lib/route.js:117:3)\n    at handle (/home/ikalsama/Documents/projects/acquisitions/node_modules/router/index.js:435:11)\n    at Layer.handleRequest (/home/ikalsama/Documents/projects/acquisitions/node_modules/router/lib/layer.js:152:17)\n    at /home/ikalsama/Documents/projects/acquisitions/node_modules/router/index.js:295:15\n    at processParams (/home/ikalsama/Documents/projects/acquisitions/node_modules/router/index.js:582:12)\n    at next (/home/ikalsama/Documents/projects/acquisitions/node_modules/router/index.js:291:5)\n    at Function.handle (/home/ikalsama/Documents/projects/acquisitions/node_modules/router/index.js:186:3)","timestamp":"2026-06-22T14:45:23.307Z"}
{"level":"info","message":"::1 - - [22/Jun/2026:14:45:23 +0000] \"POST /api/auth/sign-up HTTP/1.1\" 500 1348 \"-\" \"PostmanRuntime/7.49.1\"\n","service":"acquisitions-api","timestamp":"2026-06-22T14:45:23.321Z"}
{"level":"info","message":"::1 - - [22/Jun/2026:14:46:15 +0000] \"POST /api/auth/sign-up HTTP/1.1\" 400 89 \"-\" \"PostmanRuntime/7.49.1\"\n","service":"acquisitions-api","timestamp":"2026-06-22T14:46:15.683Z"}
{"level":"error","message":"Signup error password is not defined","service":"acquisitions-api","stack":"ReferenceError: password is not defined\n    at signup (file:///home/ikalsama/Documents/projects/acquisitions/src/controllers/auth.controller.js:21:52)\n    at Layer.handleRequest (/home/ikalsama/Documents/projects/acquisitions/node_modules/router/lib/layer.js:152:17)\n    at next (/home/ikalsama/Documents/projects/acquisitions/node_modules/router/lib/route.js:157:13)\n    at Route.dispatch (/home/ikalsama/Documents/projects/acquisitions/node_modules/router/lib/route.js:117:3)\n    at handle (/home/ikalsama/Documents/projects/acquisitions/node_modules/router/index.js:435:11)\n    at Layer.handleRequest (/home/ikalsama/Documents/projects/acquisitions/node_modules/router/lib/layer.js:152:17)\n    at /home/ikalsama/Documents/projects/acquisitions/node_modules/router/index.js:295:15\n    at processParams (/home/ikalsama/Documents/projects/acquisitions/node_modules/router/index.js:582:12)\n    at next (/home/ikalsama/Documents/projects/acquisitions/node_modules/router/index.js:291:5)\n    at Function.handle (/home/ikalsama/Documents/projects/acquisitions/node_modules/router/index.js:186:3)","timestamp":"2026-06-22T14:46:25.051Z"}
{"level":"info","message":"::1 - - [22/Jun/2026:14:46:25 +0000] \"POST /api/auth/sign-up HTTP/1.1\" 500 1348 \"-\" \"PostmanRuntime/7.49.1\"\n","service":"acquisitions-api","timestamp":"2026-06-22T14:46:25.056Z"}
{"level":"error","message":"Signup error password is not defined","service":"acquisitions-api","stack":"ReferenceError: password is not defined\n    at signup (file:///home/ikalsama/Documents/projects/acquisitions/src/controllers/auth.controller.js:21:52)\n    at Layer.handleRequest (/home/ikalsama/Documents/projects/acquisitions/node_modules/router/lib/layer.js:152:17)\n    at next (/home/ikalsama/Documents/projects/acquisitions/node_modules/router/lib/route.js:157:13)\n    at Route.dispatch (/home/ikalsama/Documents/projects/acquisitions/node_modules/router/lib/route.js:117:3)\n    at handle (/home/ikalsama/Documents/projects/acquisitions/node_modules/router/index.js:435:11)\n    at Layer.handleRequest (/home/ikalsama/Documents/projects/acquisitions/node_modules/router/lib/layer.js:152:17)\n    at /home/ikalsama/Documents/projects/acquisitions/node_modules/router/index.js:295:15\n    at processParams (/home/ikalsama/Documents/projects/acquisitions/node_modules/router/index.js:582:12)\n    at next (/home/ikalsama/Documents/projects/acquisitions/node_modules/router/index.js:291:5)\n    at Function.handle (/home/ikalsama/Documents/projects/acquisitions/node_modules/router/index.js:186:3)","timestamp":"2026-06-22T14:48:10.789Z"}
{"level":"info","message":"::1 - - [22/Jun/2026:14:48:10 +0000] \"POST /api/auth/sign-up HTTP/1.1\" 500 1348 \"-\" \"PostmanRuntime/7.49.1\"\n","service":"acquisitions-api","timestamp":"2026-06-22T14:48:10.803Z"}
{"level":"error","message":"Signup error password is not defined","service":"acquisitions-api","stack":"ReferenceError: password is not defined\n    at signup (file:///home/ikalsama/Documents/projects/acquisitions/src/controllers/auth.controller.js:21:52)\n    at Layer.handleRequest (/home/ikalsama/Documents/projects/acquisitions/node_modules/router/lib/layer.js:152:17)\n    at next (/home/ikalsama/Documents/projects/acquisitions/node_modules/router/lib/route.js:157:13)\n    at Route.dispatch (/home/ikalsama/Documents/projects/acquisitions/node_modules/router/lib/route.js:117:3)\n    at handle (/home/ikalsama/Documents/projects/acquisitions/node_modules/router/index.js:435:11)\n    at Layer.handleRequest (/home/ikalsama/Documents/projects/acquisitions/node_modules/router/lib/layer.js:152:17)\n    at /home/ikalsama/Documents/projects/acquisitions/node_modules/router/index.js:295:15\n    at processParams (/home/ikalsama/Documents/projects/acquisitions/node_modules/router/index.js:582:12)\n    at next (/home/ikalsama/Documents/projects/acquisitions/node_modules/router/index.js:291:5)\n    at Function.handle (/home/ikalsama/Documents/projects/acquisitions/node_modules/router/index.js:186:3)","timestamp":"2026-06-22T14:49:20.709Z"}
{"level":"info","message":"::1 - - [22/Jun/2026:14:49:20 +0000] \"POST /api/auth/sign-up HTTP/1.1\" 500 1348 \"-\" \"PostmanRuntime/7.49.1\"\n","service":"acquisitions-api","timestamp":"2026-06-22T14:49:20.723Z"}
{"level":"info","message":"User example@gmail.com created successfully","service":"acquisitions-api","timestamp":"2026-06-22T14:54:53.487Z"}
{"level":"info","message":"User registered successfully: example@gmail.com","service":"acquisitions-api","timestamp":"2026-06-22T14:54:53.504Z"}
{"level":"info","message":"::1 - - [22/Jun/2026:14:54:53 +0000] \"POST /api/auth/sign-up HTTP/1.1\" 201 106 \"-\" \"PostmanRuntime/7.49.1\"\n","service":"acquisitions-api","timestamp":"2026-06-22T14:54:53.526Z"}
{"level":"info","message":"User adrian@gmail.com created successfully","service":"acquisitions-api","timestamp":"2026-06-22T14:56:00.497Z"}
{"level":"info","message":"User registered successfully: adrian@gmail.com","service":"acquisitions-api","timestamp":"2026-06-22T14:56:00.501Z"}
{"level":"info","message":"::1 - - [22/Jun/2026:14:56:00 +0000] \"POST /api/auth/sign-up HTTP/1.1\" 201 102 \"-\" \"PostmanRuntime/7.49.1\"\n","service":"acquisitions-api","timestamp":"2026-06-22T14:56:00.504Z"}
{"level":"info","message":"User adrian@gmail.com authenticated successfully","service":"acquisitions-api","timestamp":"2026-06-23T03:34:42.666Z"}
{"level":"info","message":"User logged in: adrian@gmail.com","service":"acquisitions-api","timestamp":"2026-06-23T03:34:42.684Z"}
{"level":"info","message":"::1 - - [23/Jun/2026:03:34:42 +0000] \"POST /api/auth/sign-in HTTP/1.1\" 200 101 \"-\" \"PostmanRuntime/7.49.1\"\n","service":"acquisitions-api","timestamp":"2026-06-23T03:34:42.701Z"}
{"level":"info","message":"User signed out","service":"acquisitions-api","timestamp":"2026-06-23T03:35:01.774Z"}
{"level":"info","message":"::1 - - [23/Jun/2026:03:35:01 +0000] \"POST /api/auth/sign-out HTTP/1.1\" 200 29 \"-\" \"PostmanRuntime/7.49.1\"\n","service":"acquisitions-api","timestamp":"2026-06-23T03:35:01.778Z"}
